[raplian.myshopify.com/index.html]
[backblue.gif]
[fade.gif]
[index.html]
[cdn.shopify.com/s/javascripts/tricorder/trekkie.storefront.min97e4.js]
[cdn.shopify.com/s/assets/shop_events_listener-acf771159f9849ef6e5265782c99efe8b99406214c96a4373224ecafe285d7bb.js]
[cdn.shopify.com/s/files/1/0002/7262/9771/t/3/compiled_assets/scriptsee4b.js]
[cdn.shopify.com/s/assets/storefront/features-e87392afe29fe307282f4e6aad12cb4bcc2afefd6b7febf0b70edfd315f9684c.js]
[cdn.shopify.com/s/files/1/0002/7262/9771/t/3/assets/bootstrapee4b.css]
[cdn.shopify.com/s/files/1/0002/7262/9771/t/3/assets/assetsee4b.css]
[cdn.shopify.com/s/assets/storefront/express_buttons-0c1cfe6b3642c86bb980ad0b298dbf9f7c06a27102426a601fd5bda32a4c5cfd.js]
[cdn.shopify.com/s/files/1/0002/7262/9771/t/3/assets/styleee4b.css]
[cdn.shopify.com/s/files/1/0002/7262/9771/t/3/assets/theme-settingee4b.css]
[cdn.shopify.com/s/files/1/0002/7262/9771/t/3/assets/responsiveee4b.css]
[cdn.shopify.com/s/files/1/0002/7262/9771/t/3/assets/owl.carouselee4b.css]
[cdn.shopify.com/s/files/1/0002/7262/9771/t/3/assets/font-awesomeee4b.css]
[cdn.shopify.com/s/files/1/0002/7262/9771/t/3/assets/quick_viewee4b.css]
[cdn.shopify.com/s/files/1/0002/7262/9771/t/3/assets/flexslideree4b.css]
[cdn.shopify.com/s/files/1/0002/7262/9771/t/3/assets/revslideree4b.css]
[netdna.bootstrapcdn.com/font-awesome/4.0.3/css/font-awesome.css]
[cdn.shopify.com/s/files/1/0002/7262/9771/t/3/assets/faviconee4b.png]
[ajax.googleapis.com/ajax/libs/jquery/1.8.3/jquery.min.js]
[cdn.shopify.com/s/assets/themes_support/option_selection-fe6b72c2bbdd3369ac0bfefe8648e3c889efca213baefd4cfb0dd9363563831f.js]
[cdn.shopify.com/s/files/1/0002/7262/9771/t/3/assets/bootstrap.minee4b.js]
[cdn.shopify.com/s/files/1/0002/7262/9771/t/3/assets/jquery-migrate-1.2.1.minee4b.js]
[cdn.shopify.com/s/files/1/0002/7262/9771/t/3/assets/jquery.cookie.minee4b.js]
[cdn.shopify.com/s/files/1/0002/7262/9771/t/3/assets/device.minee4b.js]
[cdn.shopify.com/s/files/1/0002/7262/9771/t/3/assets/jquery.easing.1.3ee4b.js]
[cdn.shopify.com/s/files/1/0002/7262/9771/t/3/assets/api.jqueryee4b.js]
[cdn.shopify.com/s/files/1/0002/7262/9771/t/3/assets/hoverIntentee4b.js]
[cdn.shopify.com/s/files/1/0002/7262/9771/t/3/assets/superfishee4b.js]
[cdn.shopify.com/s/files/1/0002/7262/9771/t/3/assets/supersubsee4b.js]
[cdn.shopify.com/s/files/1/0002/7262/9771/t/3/assets/jquery.mobilemenuee4b.js]
[cdn.shopify.com/s/files/1/0002/7262/9771/t/3/assets/jquery.lineaee4b.js]
[cdn.shopify.com/s/files/1/0002/7262/9771/t/3/assets/countdownee4b.js]
[cdn.shopify.com/s/files/1/0002/7262/9771/t/3/assets/sftouchscreenee4b.js]
[cdn.shopify.com/s/files/1/0002/7262/9771/t/3/assets/jquery.fancybox-1.3.4ee4b.js]
[cdn.shopify.com/s/files/1/0002/7262/9771/t/3/assets/jquery.bxslider.minee4b.js]
[cdn.shopify.com/s/files/1/0002/7262/9771/t/3/assets/jquery.caroufredsel.minee4b.js]
[cdn.shopify.com/s/files/1/0002/7262/9771/t/3/assets/jquery.mousewheelee4b.js]
[cdn.shopify.com/s/files/1/0002/7262/9771/t/3/assets/jquery.selectik.minee4b.js]
[cdn.shopify.com/s/files/1/0002/7262/9771/t/3/assets/owl.carouselee4b.js]
[cdn.shopify.com/s/files/1/0002/7262/9771/t/3/assets/flexslideree4b.js]
[cdn.shopify.com/s/files/1/0002/7262/9771/t/3/assets/totopee4b.js]
[cdn.shopify.com/s/files/1/0002/7262/9771/t/3/assets/jquery.themepunch.tools.minee4b.js]
[cdn.shopify.com/s/files/1/0002/7262/9771/t/3/assets/jquery.themepunch.revolution.minee4b.js]
[cdn.shopify.com/s/files/1/0002/7262/9771/t/3/assets/jquery.elevatezoomee4b.js]
[cdn.shopify.com/s/files/1/0002/7262/9771/t/3/assets/slider-initee4b.js]
[raplian.myshopify.com/account/login.html]
[raplian.myshopify.com/cart.html]
[raplian.myshopify.com/account/register.html]
[raplian.myshopify.com/collections.html]
[raplian.myshopify.com/collections/dresses.html]
[raplian.myshopify.com/collections/tops.html]
[raplian.myshopify.com/collections/ethnic-wear.html]
[raplian.myshopify.com/collections/kids.html]
[cdn.shopify.com/s/files/1/0002/7262/9771/files/logo_3da93276-4ca0-4779-b380-1f3938cb2fc1047d.png]
[raplian.myshopify.com/pages/contact-us.html]
[raplian.myshopify.com/collection/dresses]
[cdn.shopify.com/s/files/1/0002/7262/9771/t/3/assets/style_1_section_1_menu_1_imageee4b.jpg]
[cdn.shopify.com/s/files/1/0002/7262/9771/products/p24_7300d00c-56ee-4ef3-b3b0-f74ee84eed07_compacte65c.jpg]
[raplian.myshopify.com/products/colourblock-fit-amp-flare-dress.html]
[cdn.shopify.com/s/files/1/0002/7262/9771/t/3/assets/style_3_section_3_menu_3_imageee4b.jpg]
[cdn.shopify.com/s/files/1/0002/7262/9771/files/slide-1_1bf7865a-e35d-4be1-beb1-12e0abb42b8e1cc8.png]
[raplian.myshopify.com/collections/clothing.html]
[cdn.shopify.com/s/files/1/0002/7262/9771/files/slide-3_d07ba157-ca89-4319-82b4-d409228ef2c7307d.png]
[cdn.shopify.com/s/files/1/0002/7262/9771/files/slide-3_d3e9b1fc-7212-42ea-94f1-0c3dedd889b54e51.png]
[cdn.shopify.com/s/files/1/0002/7262/9771/files/top-banner1_c0400ff1-b0fb-4e14-bceb-2e31c6971dd5_2000xbc2a.png]
[cdn.shopify.com/s/files/1/0002/7262/9771/files/top-banner2_2000xd372.png]
[cdn.shopify.com/s/files/1/0002/7262/9771/t/3/assets/animateee4b.css]
[raplian.myshopify.com/collections/dresses/products/women-solid-longline-sweater.html]
[cdn.shopify.com/s/files/1/0002/7262/9771/products/p8_8553928c-bf7b-4b24-9d4c-617ef8c4220a_largefe71.jpg]
[raplian.myshopify.com/collections/dresses/products/women-solid-biker-jacket.html]
[cdn.shopify.com/s/files/1/0002/7262/9771/products/p31_3a79b64e-5df2-4b44-9bf0-66a227cfeb44_large700e.jpg]
[raplian.myshopify.com/collections/dresses/products/women-solid-a-line-dress.html]
[cdn.shopify.com/s/files/1/0002/7262/9771/products/p5_59b78f10-1c70-44f4-8287-cc69b0edbe26_large6779.jpg]
[raplian.myshopify.com/collections/ethnic-wear/products/women-solid-longline-sweater.html]
[raplian.myshopify.com/collections/ethnic-wear/products/ruffled-a-line-dress.html]
[cdn.shopify.com/s/files/1/0002/7262/9771/products/p15_384a9591-0d94-45fc-92a8-93a680436af2_large359e.jpg]
[raplian.myshopify.com/collections/ethnic-wear/products/bomber-jacket.html]
[cdn.shopify.com/s/files/1/0002/7262/9771/products/p22_2abf396d-e149-464a-afa0-d51ebe9b70fe_large87e7.jpg]
[raplian.myshopify.com/collections/kids/products/women-printed-parka.html]
[cdn.shopify.com/s/files/1/0002/7262/9771/products/p19_504b57ae-0959-4c63-a171-56285c7b4159_largec05d.jpg]
[raplian.myshopify.com/collections/kids/products/bomber-jacket.html]
[raplian.myshopify.com/collections/kids/products/colourblock-fit-amp-flare-dress.html]
[cdn.shopify.com/s/files/1/0002/7262/9771/products/p24_7300d00c-56ee-4ef3-b3b0-f74ee84eed07_largee65c.jpg]
[raplian.myshopify.com/collections/tops/products/women-solid-a-line-dress.html]
[raplian.myshopify.com/collections/tops/products/printed-off-shoulder-blouson-top.html]
[cdn.shopify.com/s/files/1/0002/7262/9771/products/p6_cdf93872-6e91-4f8c-ae87-19612a47d502_large9d84.jpg]
[raplian.myshopify.com/products/printed-off-shoulder-blouson-top.html]
[raplian.myshopify.com/collections/tops/products/printed-round-neck-t-shirt.html]
[cdn.shopify.com/s/files/1/0002/7262/9771/products/p9_0b935af8-d24a-44e5-8e29-45b8684b406e_largeb068.jpg]
[raplian.myshopify.com/images/301.5b.delayed]
[cdn.shopify.com/s/files/1/0002/7262/9771/products/p10_52f7665b-ebfc-4321-9c2b-f1d68294e615_largeef9f.jpg]
[raplian.myshopify.com/products/women-printed-sweatshirt.html]
[raplian.myshopify.com/products/women-printed-parka.html]
[cdn.shopify.com/s/files/1/0002/7262/9771/products/p26_d6f0c15f-93a6-4f4a-aa50-9524a3a72947_largef57e.jpg]
[raplian.myshopify.com/products/women-cold-shoulder-maxi-dress.html]
[cdn.shopify.com/s/files/1/0002/7262/9771/products/p16_7f545c28-3025-4804-8cb0-0c23d4c729d7_largefec0.jpg]
[raplian.myshopify.com/products/women-checked-shift-dress.html]
[cdn.shopify.com/s/files/1/0002/7262/9771/products/p4_82f9de80-162a-4efa-8895-833cc3b59c29_large8514.jpg]
[raplian.myshopify.com/products/viscose-plain-scarf-stole.html]
[cdn.shopify.com/s/files/1/0002/7262/9771/products/p35_06035b79-1136-4ae8-9f2c-c59c48d36b43_large40e1.jpg]
[raplian.myshopify.com/products/vea-kupia-womens-sheath-red-dress.html]
[cdn.shopify.com/s/files/1/0002/7262/9771/products/p29_3e849931-db24-4453-85a4-3afcf0667b51_large93e5.jpg]
[raplian.myshopify.com/products/utsa-by-westside-palazzos.html]
[cdn.shopify.com/s/files/1/0002/7262/9771/products/p2_84b7cc6e-b080-49cf-ac2c-e67cc9006994_large6add.jpg]
[raplian.myshopify.com/products/striped-sheath-dress.html]
[cdn.shopify.com/s/files/1/0002/7262/9771/files/ads-01_e08725eb-ac39-4709-b06d-34b72556a6e1baf9.jpg]
[raplian.myshopify.com/products/bomber-jacket.html]
[cdn.shopify.com/s/files/1/0002/7262/9771/products/p7_afec473e-1bc7-4f37-8c63-c295841ae9b3_large076f.jpg]
[raplian.myshopify.com/products/printed-t-shirt.html]
[cdn.shopify.com/s/files/1/0002/7262/9771/products/p14_38c6e8c7-b0ee-4ce9-99d5-f3dd1f8f672c_largedf10.jpg]
[raplian.myshopify.com/products/striped-crop-top.html]
[cdn.shopify.com/s/files/1/0002/7262/9771/products/p18_0b36a28c-360a-4400-a675-f643c38b1e91_largecb04.jpg]
[raplian.myshopify.com/products/printed-hooded-sleeveless-sweatshirt.html]
[cdn.shopify.com/s/files/1/0002/7262/9771/products/p21_b27ba424-2b90-4b1a-b292-566b9f108920_large5f69.jpg]
[raplian.myshopify.com/products/tailored-jacket.html]
[cdn.shopify.com/s/files/1/0002/7262/9771/products/p25_4b02b091-c429-4b4c-b258-ac55d9d19205_largeba66.jpg]
[raplian.myshopify.com/products/polyester-printed-kurta.html]
[cdn.shopify.com/s/files/1/0002/7262/9771/products/p27_28c60689-52bd-45b7-950c-68b97c66bf54_large7c35.jpg]
[raplian.myshopify.com/products/men-striped-sweater.html]
[cdn.shopify.com/s/files/1/0002/7262/9771/t/3/assets/banner-bgee4b.png]
[cdn.shopify.com/s/files/1/0002/7262/9771/articles/blog-img356a2.jpg]
[raplian.myshopify.com/blogs/news/ut-faucibus-vitae-augue-viverra-pretium.html]
[cdn.shopify.com/s/files/1/0002/7262/9771/articles/blog-img241a6.jpg]
[raplian.myshopify.com/blogs/news/nunc-facilisis-sagittis-ullamcorper.html]
[raplian.myshopify.com/blogs/news/pellentesque-aliquet-sem.html]
[cdn.shopify.com/s/files/1/0002/7262/9771/articles/blog-img1a8e0.jpg]
[cdn.shopify.com/s/files/1/0002/7262/9771/t/3/assets/instafeed.minee4b.js]
[cdn.shopify.com/s/files/1/0002/7262/9771/files/b-logo15220.png]
[cdn.shopify.com/s/files/1/0002/7262/9771/files/b-logo20675.png]
[cdn.shopify.com/s/files/1/0002/7262/9771/files/b-logo3da3a.png]
[cdn.shopify.com/s/files/1/0002/7262/9771/files/b-logo4bd84.png]
[cdn.shopify.com/s/files/1/0002/7262/9771/files/b-logo5a99d.png]
[cdn.shopify.com/s/files/1/0002/7262/9771/files/b-logo6057b.png]
[cdn.shopify.com/s/files/1/0002/7262/9771/files/b-logo77d08.png]
[cdn.shopify.com/s/files/1/0002/7262/9771/files/b-logo8bd55.png]
[cdn.shopify.com/s/files/1/0002/7262/9771/files/home-bottom-banner-1_bd4a17d3-d2a2-4636-862d-35620c14dc57_2000xc264.jpg]
[cdn.shopify.com/s/files/1/0002/7262/9771/files/home-bottom-banner-2_eced1966-06ef-46b6-b7e4-91f88bfbb1e5_2000x62a8.jpg]
[raplian.myshopify.com/collections/swimwear.html]
[cdn.shopify.com/s/files/1/0002/7262/9771/files/home-bottom-banner-3_bec02e5c-63ed-4b85-8ddc-283aa3d650e0_2000x1eb7.jpg]
[cdn.shopify.com/s/files/1/0002/7262/9771/files/home-bottom-banner-4_b83af5cd-5795-4bcc-905d-9a00ea3e33e4_2000x58c5.jpg]
[raplian.myshopify.com/collections/sports-wear.html]
[cdn-images.mailchimp.com/embedcode/slim-081711.css]
[raplian.myshopify.com/blogs/news.html]
[raplian.myshopify.com/search.html]
[cdn.shopify.com/s/files/1/0002/7262/9771/t/3/assets/cc-paypalee4b.png]
[raplian.myshopify.com/pages/about-us.html]
[cdn.shopify.com/s/files/1/0002/7262/9771/t/3/assets/cc-visaee4b.png]
[cdn.shopify.com/s/files/1/0002/7262/9771/t/3/assets/cc-amexee4b.png]
[cdn.shopify.com/s/files/1/0002/7262/9771/t/3/assets/cc-mastercardee4b.png]
[cdn.shopify.com/s/javascripts/currencies.js]
[cdn.shopify.com/s/files/1/0002/7262/9771/t/3/assets/jquery.currencies.minee4b.js]
[cdn.shopify.com/s/files/1/0002/7262/9771/t/3/assets/shopee4b.js]
[raplian.myshopify.com/index.html]
[cdn.shopify.com/s/files/1/0002/7262/9771/t/3/assets/bootstrapee4b.css]
[cdn.shopify.com/s/files/1/0002/7262/9771/t/3/assets/assetsee4b.css]
[cdn.shopify.com/s/files/1/0002/7262/9771/t/3/assets/select-arrow1.png]
[cdn.shopify.com/s/files/1/0002/7262/9771/t/3/assets/newsletter-bgf0bc.jpg]
[cdn.shopify.com/s/files/1/0002/7262/9771/t/3/assets/close-icon.png]
[cdn.shopify.com/s/files/1/0002/7262/9771/t/3/assets/category-bg.jpg]
[cdn.shopify.com/s/files/1/0002/7262/9771/t/3/assets/plus-imgf0bc.png]
[cdn.shopify.com/s/files/1/0002/7262/9771/t/3/assets/downloadf0bc.svg]
[cdn.shopify.com/s/files/1/0002/7262/9771/t/3/assets/icon_listf0bc.png]
[cdn.shopify.com/s/files/1/0002/7262/9771/t/3/assets/icon_grid_overf0bc.png]
[cdn.shopify.com/s/files/1/0002/7262/9771/t/3/assets/icon_list_actf0bc.png]
[cdn.shopify.com/s/files/1/0002/7262/9771/t/3/assets/icon_grid_actf0bc.png]
[cdn.shopify.com/s/files/1/0002/7262/9771/t/3/assets/styleee4b.css]
[cdn.shopify.com/s/files/1/0002/7262/9771/t/3/assets/cross-imgf0bc.png]
[cdn.shopify.com/s/files/1/0002/7262/9771/t/3/assets/to-top-arrowf0bc.png]
[cdn.shopify.com/s/files/1/0002/7262/9771/t/3/assets/theme-settingee4b.css]
[cdn.shopify.com/s/files/1/0002/7262/9771/t/3/assets/responsiveee4b.css]
[cdn.shopify.com/s/files/1/0002/7262/9771/t/3/assets/grabbing.png]
[cdn.shopify.com/s/files/1/0002/7262/9771/t/3/assets/owl.carouselee4b.css]
[cdn.shopify.com/s/files/1/0002/7262/9771/t/3/assets/fontawesome-webfont3295.woff2]
[cdn.shopify.com/s/files/1/0002/7262/9771/t/3/assets/fontawesome-webfont3295.woff]
[cdn.shopify.com/s/files/1/0002/7262/9771/t/3/assets/fontawesome-webfont3295.eot]
[cdn.shopify.com/s/files/1/0002/7262/9771/t/3/assets/font-awesomeee4b.css]
[cdn.shopify.com/s/files/1/0002/7262/9771/t/3/assets/quick_viewee4b.css]
[cdn.shopify.com/s/files/1/0002/7262/9771/t/3/assets/flexslideree4b.css]
[cdn.shopify.com/s/files/1/0002/7262/9771/t/3/assets/revicons90c6.eot]
[cdn.shopify.com/s/files/1/0002/7262/9771/t/3/assets/fontawesome-webfontd41d.eot]
[cdn.shopify.com/s/files/1/0002/7262/9771/t/3/assets/revicons90c6.woff]
[cdn.shopify.com/s/files/1/0002/7262/9771/t/3/assets/fontawesome-webfont3295.svg]
[cdn.shopify.com/s/files/1/0002/7262/9771/t/3/assets/revicons90c6.ttf]
[cdn.shopify.com/s/files/1/0002/7262/9771/t/3/assets/revicons90c6.svg]
[cdn.shopify.com/s/files/1/0002/7262/9771/t/3/assets/fontawesome-webfont3295.ttf]
[cdn.shopify.com/s/files/1/0002/7262/9771/t/3/assets/openhand.cur]
[cdn.shopify.com/s/files/1/0002/7262/9771/t/3/assets/closedhand.cur]
[cdn.shopify.com/s/files/1/0002/7262/9771/t/3/assets/gridtile.png]
[cdn.shopify.com/s/files/1/0002/7262/9771/t/3/assets/gridtile_white.png]
[cdn.shopify.com/s/files/1/0002/7262/9771/t/3/assets/gridtile_3x3.png]
[cdn.shopify.com/s/files/1/0002/7262/9771/t/3/assets/gridtile_3x3_white.png]
[cdn.shopify.com/s/files/1/0002/7262/9771/t/3/assets/coloredbg.png]
[cdn.shopify.com/s/files/1/0002/7262/9771/t/3/assets/loader.gif]
[cdn.shopify.com/s/files/1/0002/7262/9771/t/3/assets/Pe-icon-7-strokebb1d.eot]
[cdn.shopify.com/s/files/1/0002/7262/9771/t/3/assets/Pe-icon-7-stroked41d.eot]
[cdn.shopify.com/s/files/1/0002/7262/9771/t/3/assets/Pe-icon-7-strokebb1d.woff]
[cdn.shopify.com/s/files/1/0002/7262/9771/t/3/assets/Pe-icon-7-strokebb1d.ttf]
[cdn.shopify.com/s/files/1/0002/7262/9771/t/3/assets/Pe-icon-7-strokebb1d.svg]
[cdn.shopify.com/s/files/1/0002/7262/9771/t/3/assets/revslideree4b.css]
[netdna.bootstrapcdn.com/font-awesome/4.0.3/css/font-awesome.css]
[cdn.shopify.com/s/assets/themes_support/shopify_common-8ea6ac3faf357236a97f5de749df4da6e8436ca107bc3a4ee805cbf08bc47392.js]
[cdn.shopify.com/s/assets/themes_support/customer_area-4beccea87758d91106a581ba89341d9b51842f6da79209258c8297239e950343.js]
[raplian.myshopify.com/account/login.html]
[cdn.shopify.com/s/files/1/0002/7262/9771/products/p40_26aef91c-ff58-4058-b8ce-7270b50922d5_compact255b.jpg]
[raplian.myshopify.com/products/christy-world-full-sleeve-solid-womens-jacket.html]
[cdn.shopify.com/s/files/1/0002/7262/9771/products/p19_504b57ae-0959-4c63-a171-56285c7b4159_compactc05d.jpg]
[raplian.myshopify.com/cart.html]
[raplian.myshopify.com/account/register.html]
[cdn.shopify.com/s/files/1/0002/7262/9771/files/side-banner-45a93.jpg]
[raplian.myshopify.com/collections/all.html]
[cdn.shopify.com/s/files/1/0002/7262/9771/products/p8_8553928c-bf7b-4b24-9d4c-617ef8c4220afe71.jpg]
[raplian.myshopify.com/products/women-solid-longline-sweater.html]
[cdn.shopify.com/s/files/1/0002/7262/9771/products/p31_3a79b64e-5df2-4b44-9bf0-66a227cfeb44700e.jpg]
[raplian.myshopify.com/products/women-solid-biker-jacket.html]
[cdn.shopify.com/s/files/1/0002/7262/9771/products/p5_59b78f10-1c70-44f4-8287-cc69b0edbe266779.jpg]
[raplian.myshopify.com/products/women-solid-a-line-dress.html]
[cdn.shopify.com/s/files/1/0002/7262/9771/products/p12_f197d5bc-2469-4131-8386-8324e256323b28a1.jpg]
[raplian.myshopify.com/products/women-printed-top.html]
[raplian.myshopify.com/collections/winter-wear.html]
[cdn.shopify.com/s/files/1/0002/7262/9771/files/side-banner-5_1024x1024b239.jpg]
[cdn.shopify.com/s/files/1/0002/7262/9771/files/all-collections74cb.jpg]
[cdn.shopify.com/s/files/1/0002/7262/9771/products/p3_b8cd702a-6ba8-4d8a-b673-c0e1d209ab57_large49f3.jpg]
[raplian.myshopify.com/collections.html]
[raplian.myshopify.com/collections/dresses.atom]
[cdn.shopify.com/s/files/1/0002/7262/9771/products/p12_f197d5bc-2469-4131-8386-8324e256323b_large28a1.jpg]
[raplian.myshopify.com/collections/dresses.html]
[cdn.shopify.com/s/files/1/0002/7262/9771/products/p13_66175d2d-7225-40b3-9760-e45ebdfecae5_largee875.jpg]
[cdn.shopify.com/s/files/1/0002/7262/9771/products/p20_28df2230-520e-486e-8034-8aa5868e7b00_large3dbb.jpg]
[cdn.shopify.com/s/files/1/0002/7262/9771/products/p28_12f956cd-8d4b-4a9d-8ad6-3da99dd6a7f2_largeacb1.jpg]
[cdn.shopify.com/s/files/1/0002/7262/9771/products/p30_3acac20f-f884-44dd-8d65-9232ec18c1b5_large64b0.jpg]
[raplian.myshopify.com/collections/tops.html]
[cdn.shopify.com/s/files/1/0002/7262/9771/products/p32_567ef730-58e3-41f2-ba28-8ec35731a143_large0d4e.jpg]
[cdn.shopify.com/s/files/1/0002/7262/9771/products/p33_5235fab0-5561-4ec3-99b7-38d820185c81_largeb82f.jpg]
[cdn.shopify.com/s/files/1/0002/7262/9771/products/p37_ac1a5069-7174-4bd6-8d62-25df5f537a4b_large0087.jpg]
[cdn.shopify.com/s/files/1/0002/7262/9771/products/p40_26aef91c-ff58-4058-b8ce-7270b50922d5_large255b.jpg]
[raplian.myshopify.com/collections/ethnic-wear.html]
[raplian.myshopify.com/collections/kids/products/women-solid-a-line-dress]
[raplian.myshopify.com/collections/kids.html]
[raplian.myshopify.com/pages/contact-us.html]
[raplian.myshopify.com/collection/dresses.html]
[cdn.shopify.com/s/files/1/0002/7262/9771/products/p22_2abf396d-e149-464a-afa0-d51ebe9b70fe_compact87e7.jpg]
[cdn.shopify.com/s/files/1/0002/7262/9771/products/p24_7300d00c-56ee-4ef3-b3b0-f74ee84eed07e65c.jpg]
[cdn.shopify.com/s/files/1/0002/7262/9771/products/p25_cf97104a-04fe-4a47-ac6a-5302572b80f7_compacte65c.jpg]
[cdn.shopify.com/s/files/1/0002/7262/9771/products/p26_969c465d-1362-48eb-b33e-af4447109cee_compacte65c.jpg]
[cdn.shopify.com/s/files/1/0002/7262/9771/products/p27_7895a799-0219-429c-875d-fd2adf45a4a8_compacte65c.jpg]
[cdn.shopify.com/s/files/1/0002/7262/9771/products/p28_feebaf93-d0b7-4599-9c21-5816e698a348_compacte65c.jpg]
[cdn.shopify.com/s/files/1/0002/7262/9771/products/p29_compacte65c.jpg]
[cdn.shopify.com/s/files/1/0002/7262/9771/files/size-chart6d7b.jpg]
[cdn.shopify.com/s/files/1/0002/7262/9771/products/p11_9e7829a0-31b3-4a44-aeb7-9611d7cd3137_large8402.jpg]
[cdn.shopify.com/s/files/1/0002/7262/9771/products/p23_918b939a-c60c-47cf-a863-756b887fa4fb_large758e.jpg]
[cdn.shopify.com/s/files/1/0002/7262/9771/products/p17_2d4480fe-cad8-488e-bef2-2dd82d6875d7_large4a51.jpg]
[cdn.shopify.com/s/files/1/0002/7262/9771/products/p1_largefc6e.jpg]
[raplian.myshopify.com/products/colourblock-fit-amp-flare-dress.html]
[raplian.myshopify.com/collections/clothing.html]
[raplian.myshopify.com/collections/baby-amp-kids.html]
[cdn.shopify.com/s/files/1/0002/7262/9771/t/3/assets/animateee4b.css]
[cdn.shopify.com/s/files/1/0002/7262/9771/products/p37_ac1a5069-7174-4bd6-8d62-25df5f537a4b_compact0087.jpg]
[cdn.shopify.com/s/files/1/0002/7262/9771/products/p8_8553928c-bf7b-4b24-9d4c-617ef8c4220a_compactfe71.jpg]
[cdn.shopify.com/s/files/1/0002/7262/9771/products/p9_1b61d1e6-1505-4c40-b32a-af06a7f6df6e_compactfe71.jpg]
[cdn.shopify.com/s/files/1/0002/7262/9771/products/p10_da0f30a7-4865-43ab-a95c-fc912b9f50e9_compactfe71.jpg]
[cdn.shopify.com/s/files/1/0002/7262/9771/products/p11_caec4c65-8426-4962-b069-cd0555e569cc_compactfe71.jpg]
[cdn.shopify.com/s/files/1/0002/7262/9771/products/p12_f3f85f1f-5f66-445d-9b96-1cc776e9b088_compactfe71.jpg]
[cdn.shopify.com/s/files/1/0002/7262/9771/products/p13_compactfe71.jpg]
[raplian.myshopify.com/collections/dresses/products/women-solid-longline-sweater.html]
[cdn.shopify.com/s/files/1/0002/7262/9771/products/p31_3a79b64e-5df2-4b44-9bf0-66a227cfeb44_compact700e.jpg]
[cdn.shopify.com/s/files/1/0002/7262/9771/products/p32_94eafba2-d2c8-4c9d-a5bc-5f2d39344d7c_compact700e.jpg]
[cdn.shopify.com/s/files/1/0002/7262/9771/products/p33_0692c9cc-f698-4247-b039-1541f8d4f01c_compact700e.jpg]
[cdn.shopify.com/s/files/1/0002/7262/9771/products/p34_b83ef79e-8fae-4bb5-b1f3-c7c5dd79de5a_compact700e.jpg]
[cdn.shopify.com/s/files/1/0002/7262/9771/products/p35_779c0fd0-0719-47e3-b6b3-4393e07d9ef4_compact700e.jpg]
[cdn.shopify.com/s/files/1/0002/7262/9771/products/p36_compact700e.jpg]
[raplian.myshopify.com/collections/dresses/products/women-solid-biker-jacket.html]
[cdn.shopify.com/s/files/1/0002/7262/9771/products/p5_59b78f10-1c70-44f4-8287-cc69b0edbe26_compact6779.jpg]
[cdn.shopify.com/s/files/1/0002/7262/9771/products/p6_3badf6b2-dce4-45ee-bc1a-cd04cf480ffc_compact6779.jpg]
[cdn.shopify.com/s/files/1/0002/7262/9771/products/p7_3033326d-ecd2-4e20-b501-72a60ec28ed0_compact6779.jpg]
[cdn.shopify.com/s/files/1/0002/7262/9771/products/p8_c9c2db85-e4cf-40b1-9d11-24687afebe13_compact6779.jpg]
[cdn.shopify.com/s/files/1/0002/7262/9771/products/p9_17290607-a522-42fe-849d-3c83b5db1797_compact6779.jpg]
[cdn.shopify.com/s/files/1/0002/7262/9771/products/p10_compact6779.jpg]
[raplian.myshopify.com/collections/dresses/products/women-solid-a-line-dress.html]
[raplian.myshopify.com/collections/ethnic-wear/products/women-solid-longline-sweater.html]
[cdn.shopify.com/s/files/1/0002/7262/9771/products/p15_384a9591-0d94-45fc-92a8-93a680436af2359e.jpg]
[cdn.shopify.com/s/files/1/0002/7262/9771/products/p15_384a9591-0d94-45fc-92a8-93a680436af2_compact359e.jpg]
[cdn.shopify.com/s/files/1/0002/7262/9771/products/p16_c0515417-7261-44c3-bbf6-95ede8cb62c9_compact359e.jpg]
[cdn.shopify.com/s/files/1/0002/7262/9771/products/p17_2f82c4ee-6c4b-4e33-8cae-cefd2d6fc01c_compact359e.jpg]
[cdn.shopify.com/s/files/1/0002/7262/9771/products/p18_2d22c59b-7202-4809-a636-572499639c9b_compact359e.jpg]
[cdn.shopify.com/s/files/1/0002/7262/9771/products/p19_ae5920a8-26b3-413a-b0a1-b2ecab61e382_compact359e.jpg]
[cdn.shopify.com/s/files/1/0002/7262/9771/products/p20_compact359e.jpg]
[raplian.myshopify.com/collections/ethnic-wear/products/ruffled-a-line-dress.html]
[cdn.shopify.com/s/files/1/0002/7262/9771/products/p28_12f956cd-8d4b-4a9d-8ad6-3da99dd6a7f2_compactacb1.jpg]
[cdn.shopify.com/s/files/1/0002/7262/9771/products/p22_2abf396d-e149-464a-afa0-d51ebe9b70fe87e7.jpg]
[cdn.shopify.com/s/files/1/0002/7262/9771/products/p23_d493f0f2-381f-46e7-b664-1386e21a6b2b_compact87e7.jpg]
[cdn.shopify.com/s/files/1/0002/7262/9771/products/p24_f6f7d593-ff5e-4068-9f09-b3a9f46f1c46_compact87e7.jpg]
[cdn.shopify.com/s/files/1/0002/7262/9771/products/p25_0c34cc59-5c7e-4492-8f6f-19c75021c421_compact87e7.jpg]
[cdn.shopify.com/s/files/1/0002/7262/9771/products/p26_4760d508-79b0-4da6-8c51-e048f0d9b5fd_compact87e7.jpg]
[cdn.shopify.com/s/files/1/0002/7262/9771/products/p27_compact87e7.jpg]
[raplian.myshopify.com/collections/ethnic-wear/products/bomber-jacket.html]
[cdn.shopify.com/s/files/1/0002/7262/9771/products/p33_5235fab0-5561-4ec3-99b7-38d820185c81_compactb82f.jpg]
[cdn.shopify.com/s/files/1/0002/7262/9771/products/p19_504b57ae-0959-4c63-a171-56285c7b4159c05d.jpg]
[cdn.shopify.com/s/files/1/0002/7262/9771/products/p20_57854927-e3d6-4b93-aa4e-d26a81fa997d_compactc05d.jpg]
[cdn.shopify.com/s/files/1/0002/7262/9771/products/p21_e0b891a6-38e3-45be-9ee3-7a1557790979_compactc05d.jpg]
[cdn.shopify.com/s/files/1/0002/7262/9771/products/p22_68037860-2b1a-44ff-a077-a83a34fa6d5b_compactc05d.jpg]
[cdn.shopify.com/s/files/1/0002/7262/9771/products/p23_25397825-dadb-43a9-815a-63a32906661f_compactc05d.jpg]
[cdn.shopify.com/s/files/1/0002/7262/9771/products/p24_compactc05d.jpg]
[raplian.myshopify.com/collections/kids/products/women-printed-parka.html]
[raplian.myshopify.com/collections/kids/products/bomber-jacket.html]
[raplian.myshopify.com/collections/kids/products/colourblock-fit-amp-flare-dress.html]
[raplian.myshopify.com/collections/tops/products/besiva-womens-sheath-maroon-dress.html]
[cdn.shopify.com/s/files/1/0002/7262/9771/products/p36_e40d5ce8-66c6-444b-bf7c-f7d857044263_large1731.jpg]
[raplian.myshopify.com/collections/tops/products/women-solid-a-line-dress.html]
[raplian.myshopify.com/collections/tops/products/christy-world-full-sleeve-solid-womens-jacket.html]
[raplian.myshopify.com/products/printed-off-shoulder-blouson-top.oembed]
[cdn.shopify.com/s/files/1/0002/7262/9771/products/p6_cdf93872-6e91-4f8c-ae87-19612a47d5029d84.jpg]
[cdn.shopify.com/s/files/1/0002/7262/9771/products/p6_cdf93872-6e91-4f8c-ae87-19612a47d502_compact9d84.jpg]
[cdn.shopify.com/s/files/1/0002/7262/9771/products/p7_d04c6b91-b752-4ef5-9ac0-7dfa6c645ed9_compact9d84.jpg]
[cdn.shopify.com/s/files/1/0002/7262/9771/products/p8_e9b02c1d-1784-4d2b-9000-df02d394794e_compact9d84.jpg]
[cdn.shopify.com/s/files/1/0002/7262/9771/products/p9_9b4d935d-0f49-4c90-b4a5-da802fd4a7fb_compact9d84.jpg]
[cdn.shopify.com/s/files/1/0002/7262/9771/products/p10_7931988b-5bd1-4e21-ae2d-ff4affc4bd74_compact9d84.jpg]
[cdn.shopify.com/s/files/1/0002/7262/9771/products/p11_compact9d84.jpg]
[cdn.shopify.com/s/assets/no-image-2048-5e88c1b20e087fb7bbe9a3771824e743c244f437e4f8ba93bbf7b11b53f7824c.gif]
[cdn.shopify.com/s/files/1/0002/7262/9771/t/3/assets/soldoutee4b.png]
[raplian.myshopify.com/collections/tops/products/printed-off-shoulder-blouson-top.html]
[cdn.shopify.com/s/files/1/0002/7262/9771/products/p39_8824d4fd-56f3-4fc8-9e97-6b9916719bcd_large468e.jpg]
[raplian.myshopify.com/products/printed-off-shoulder-blouson-top.html]
[raplian.myshopify.com/collections/clothing/products/only-striped-womens-tube-white-skirt.html]
[raplian.myshopify.com/products/printed-round-neck-t-shirt.html]
[cdn.shopify.com/s/files/1/0002/7262/9771/products/p9_0b935af8-d24a-44e5-8e29-45b8684b406eb068.jpg]
[raplian.myshopify.com/products/printed-round-neck-t-shirt.oembed]
[cdn.shopify.com/s/files/1/0002/7262/9771/products/p9_0b935af8-d24a-44e5-8e29-45b8684b406e_compactb068.jpg]
[cdn.shopify.com/s/files/1/0002/7262/9771/products/p10_9a74ed11-ebdd-4f88-aeb8-2aef720fba9a_compactb068.jpg]
[cdn.shopify.com/s/files/1/0002/7262/9771/products/p11_988c1fe6-60dd-4eb0-a58b-ef28a54b2909_compactb068.jpg]
[cdn.shopify.com/s/files/1/0002/7262/9771/products/p12_696dae75-c243-4d87-add8-175b60fa39b4_compactb068.jpg]
[cdn.shopify.com/s/files/1/0002/7262/9771/products/p13_5f330910-8cf2-475a-8e05-060c0b375918_compactb068.jpg]
[cdn.shopify.com/s/files/1/0002/7262/9771/products/p14_compactb068.jpg]
[raplian.myshopify.com/collections/tops/products/printed-round-neck-t-shirt.html]
[raplian.myshopify.com/images/301.gif]
[raplian.myshopify.com/products/women-printed-sweatshirt.oembed]
[cdn.shopify.com/s/files/1/0002/7262/9771/products/p10_52f7665b-ebfc-4321-9c2b-f1d68294e615ef9f.jpg]
[raplian.myshopify.com/collections/typescee8.html]
[cdn.shopify.com/s/files/1/0002/7262/9771/products/p10_52f7665b-ebfc-4321-9c2b-f1d68294e615_compactef9f.jpg]
[cdn.shopify.com/s/files/1/0002/7262/9771/products/p11_47b6fcde-12c7-4583-8f3c-e2f8ca63b50d_compactef9f.jpg]
[cdn.shopify.com/s/files/1/0002/7262/9771/products/p12_b860bca2-820e-4916-83cc-be6a63fc78bc_compactef9f.jpg]
[cdn.shopify.com/s/files/1/0002/7262/9771/products/p13_40b68ba2-cca3-4fa3-b1a1-dea679e9e218_compactef9f.jpg]
[cdn.shopify.com/s/files/1/0002/7262/9771/products/p14_dc2f9585-6b6d-4656-9205-258c394d1944_compactef9f.jpg]
[cdn.shopify.com/s/files/1/0002/7262/9771/products/p15_compactef9f.jpg]
[raplian.myshopify.com/products/women-printed-sweatshirt.html]
[raplian.myshopify.com/products/women-printed-parka.html]
[cdn.shopify.com/s/files/1/0002/7262/9771/products/p26_d6f0c15f-93a6-4f4a-aa50-9524a3a72947f57e.jpg]
[raplian.myshopify.com/products/women-cold-shoulder-maxi-dress.oembed]
[cdn.shopify.com/s/files/1/0002/7262/9771/products/p26_d6f0c15f-93a6-4f4a-aa50-9524a3a72947_compactf57e.jpg]
[cdn.shopify.com/s/files/1/0002/7262/9771/products/p27_fe11c166-e366-4e2b-a2fa-a4d347f7af09_compactf57e.jpg]
[cdn.shopify.com/s/files/1/0002/7262/9771/products/p28_90b5a66c-a623-425d-bc24-d43c4c41231a_compactf57e.jpg]
[cdn.shopify.com/s/files/1/0002/7262/9771/products/p29_15e7aafc-0ca2-4b39-b6e8-ce5094828bd8_compactf57e.jpg]
[cdn.shopify.com/s/files/1/0002/7262/9771/products/p30_bbe42575-192e-4cc9-a636-4518d8a6fc9e_compactf57e.jpg]
[cdn.shopify.com/s/files/1/0002/7262/9771/products/p31_compactf57e.jpg]
[raplian.myshopify.com/products/women-cold-shoulder-maxi-dress.html]
[raplian.myshopify.com/products/women-checked-shift-dress.oembed]
[cdn.shopify.com/s/files/1/0002/7262/9771/products/p16_7f545c28-3025-4804-8cb0-0c23d4c729d7fec0.jpg]
[cdn.shopify.com/s/files/1/0002/7262/9771/products/p16_7f545c28-3025-4804-8cb0-0c23d4c729d7_compactfec0.jpg]
[cdn.shopify.com/s/files/1/0002/7262/9771/products/p17_5e953913-f82a-43e6-8a4a-42354c75e837_compactfec0.jpg]
[cdn.shopify.com/s/files/1/0002/7262/9771/products/p18_0f6b768c-00fa-4c28-aeab-7ea25ed0ffed_compactfec0.jpg]
[cdn.shopify.com/s/files/1/0002/7262/9771/products/p19_0983bb0e-4eb6-4ba6-bc06-f25d4f19b21b_compactfec0.jpg]
[cdn.shopify.com/s/files/1/0002/7262/9771/products/p20_ff1e66a3-3053-4930-9356-a08804c5a556_compactfec0.jpg]
[cdn.shopify.com/s/files/1/0002/7262/9771/products/p21_compactfec0.jpg]
[raplian.myshopify.com/products/women-checked-shift-dress.html]
[cdn.shopify.com/s/files/1/0002/7262/9771/products/p4_82f9de80-162a-4efa-8895-833cc3b59c298514.jpg]
[cdn.shopify.com/s/files/1/0002/7262/9771/products/p4_82f9de80-162a-4efa-8895-833cc3b59c29_compact8514.jpg]
[cdn.shopify.com/s/files/1/0002/7262/9771/products/p5_8bd68575-57f8-4741-ae1e-6b5a29198d3c_compact8514.jpg]
[cdn.shopify.com/s/files/1/0002/7262/9771/products/p6_6d40fce6-96f5-42cf-b36b-3a8d1dbffc46_compact8514.jpg]
[cdn.shopify.com/s/files/1/0002/7262/9771/products/p7_a07b7370-cfba-4ead-a1d7-577d19e2d56b_compact8514.jpg]
[cdn.shopify.com/s/files/1/0002/7262/9771/products/p8_compact8514.jpg]
[cdn.shopify.com/s/files/1/0002/7262/9771/products/p9_compact8514.jpg]
[raplian.myshopify.com/products/viscose-plain-scarf-stole.html]
[cdn.shopify.com/s/files/1/0002/7262/9771/products/p35_06035b79-1136-4ae8-9f2c-c59c48d36b4340e1.jpg]
[cdn.shopify.com/s/files/1/0002/7262/9771/products/p35_06035b79-1136-4ae8-9f2c-c59c48d36b43_compact40e1.jpg]
[cdn.shopify.com/s/files/1/0002/7262/9771/products/p36_98134323-3508-4453-baba-816b0d587237_compact40e1.jpg]
[cdn.shopify.com/s/files/1/0002/7262/9771/products/p37_75500cf0-8bef-4721-a5d0-f05d4e013c1e_compact40e1.jpg]
[cdn.shopify.com/s/files/1/0002/7262/9771/products/p38_7f92c122-b54b-461d-94c5-c5c822f7baa3_compact40e1.jpg]
[cdn.shopify.com/s/files/1/0002/7262/9771/products/p39_9833bc8e-b4b5-4a04-bd86-7f002b6931a8_compact40e1.jpg]
[cdn.shopify.com/s/files/1/0002/7262/9771/products/p40_compact40e1.jpg]
[raplian.myshopify.com/products/vea-kupia-womens-sheath-red-dress.html]
[raplian.myshopify.com/products/utsa-by-westside-palazzos.oembed]
[cdn.shopify.com/s/files/1/0002/7262/9771/products/p29_3e849931-db24-4453-85a4-3afcf0667b5193e5.jpg]
[cdn.shopify.com/s/files/1/0002/7262/9771/products/p29_3e849931-db24-4453-85a4-3afcf0667b51_compact93e5.jpg]
[cdn.shopify.com/s/files/1/0002/7262/9771/products/p30_02061ffa-4c9f-4c9e-96ee-4d437d2e33c5_compact93e5.jpg]
[cdn.shopify.com/s/files/1/0002/7262/9771/products/p31_ec9c0682-3927-410b-86c1-e8be3791f3de_compact93e5.jpg]
[cdn.shopify.com/s/files/1/0002/7262/9771/products/p32_da269e0d-1c0d-44ab-a082-2e6603abb2c9_compact93e5.jpg]
[cdn.shopify.com/s/files/1/0002/7262/9771/products/p33_19429936-5111-4882-abcd-3412abf87b98_compact93e5.jpg]
[cdn.shopify.com/s/files/1/0002/7262/9771/products/p34_compact93e5.jpg]
[raplian.myshopify.com/products/utsa-by-westside-palazzos.html]
[cdn.shopify.com/s/files/1/0002/7262/9771/products/p5_516e7eb0-3c5b-4225-ad48-fc432aac82046add.jpg]
[cdn.shopify.com/s/files/1/0002/7262/9771/products/p2_84b7cc6e-b080-49cf-ac2c-e67cc9006994_compact6add.jpg]
[cdn.shopify.com/s/files/1/0002/7262/9771/products/p3_042e973b-cc48-4512-a3ea-412467cd3a59_compact6add.jpg]
[cdn.shopify.com/s/files/1/0002/7262/9771/products/p4_269503e9-db84-458b-836f-893c1eb23e37_compact6add.jpg]
[cdn.shopify.com/s/files/1/0002/7262/9771/products/p5_516e7eb0-3c5b-4225-ad48-fc432aac8204_compact6add.jpg]
[cdn.shopify.com/s/files/1/0002/7262/9771/products/p6_1c23a3f1-83a1-48a9-9998-1dbed4ccff64_compact6add.jpg]
[cdn.shopify.com/s/files/1/0002/7262/9771/products/p7_compact6add.jpg]
[cdn.shopify.com/s/files/1/0002/7262/9771/products/p2_84b7cc6e-b080-49cf-ac2c-e67cc90069946add.jpg]
[cdn.shopify.com/s/files/1/0002/7262/9771/products/p6_1c23a3f1-83a1-48a9-9998-1dbed4ccff646add.jpg]
[cdn.shopify.com/s/files/1/0002/7262/9771/products/p76add.jpg]
[raplian.myshopify.com/products/striped-sheath-dress.html]
[raplian.myshopify.com/products/bomber-jacket.html]
[raplian.myshopify.com/products/belle-fille-women-hooded-sweatshirt.html]
[raplian.myshopify.com/products/printed-t-shirt.oembed]
[cdn.shopify.com/s/files/1/0002/7262/9771/products/p7_afec473e-1bc7-4f37-8c63-c295841ae9b3076f.jpg]
[raplian.myshopify.com/collections/types7389.html]
[cdn.shopify.com/s/files/1/0002/7262/9771/products/p7_afec473e-1bc7-4f37-8c63-c295841ae9b3_compact076f.jpg]
[cdn.shopify.com/s/files/1/0002/7262/9771/products/p8_8343247b-af2b-49b7-b04d-b1ded3730b0c_compact076f.jpg]
[cdn.shopify.com/s/files/1/0002/7262/9771/products/p9_25b12cec-8da7-4bf2-ac6f-c2c2c76e7b6f_compact076f.jpg]
[cdn.shopify.com/s/files/1/0002/7262/9771/products/p10_e928e901-94e3-4d57-ba82-478e357e0143_compact076f.jpg]
[cdn.shopify.com/s/files/1/0002/7262/9771/products/p11_a4402ae6-35b2-44cb-a67c-4b00f79b468e_compact076f.jpg]
[cdn.shopify.com/s/files/1/0002/7262/9771/products/p12_compact076f.jpg]
[raplian.myshopify.com/collections/sports-wear/products/women-printed-sweatshirt.html]
[raplian.myshopify.com/collections/sports-wear/products/striped-crop-top.html]
[raplian.myshopify.com/collections/sports-wear/products/women-checked-shift-dress.html]
[raplian.myshopify.com/collections/sports-wear/products/sand-puffer-jacket.html]
[raplian.myshopify.com/collections/sports-wear/products/printed-hooded-sleeveless-sweatshirt.html]
[raplian.myshopify.com/collections/sports-wear/products/tailored-jacket.html]
[raplian.myshopify.com/collections/sports-wear/products/polyester-printed-kurta.html]
[raplian.myshopify.com/collections/sports-wear/products/men-striped-sweater.html]
[raplian.myshopify.com/collections/sports-wear/products/belle-fille-women-hooded-sweatshirt.html]
[cdn.shopify.com/s/files/1/0002/7262/9771/products/p34_a901fa18-c28d-4f6a-811b-0a3d59ea652d_largeb87f.jpg]
[raplian.myshopify.com/collections/sports-wear/products/georgette-cape-top.html]
[cdn.shopify.com/s/files/1/0002/7262/9771/products/p38_2097fd8e-0cb2-49b1-8488-c53f7e32be63_largeda0f.jpg]
[raplian.myshopify.com/collections/sports-wear/products/forever-21-solid-women-regular-blue-skirt.html]
[raplian.myshopify.com/products/printed-t-shirt.html]
[raplian.myshopify.com/collections/sports-wear/products/only-striped-womens-tube-white-skirt.html]
[raplian.myshopify.com/products/striped-crop-top.oembed]
[cdn.shopify.com/s/files/1/0002/7262/9771/products/p32_567ef730-58e3-41f2-ba28-8ec35731a143_compact0d4e.jpg]
[raplian.myshopify.com/products/printed-straight-kurta.html]
[cdn.shopify.com/s/files/1/0002/7262/9771/products/p14_38c6e8c7-b0ee-4ce9-99d5-f3dd1f8f672cdf10.jpg]
[cdn.shopify.com/s/files/1/0002/7262/9771/products/p14_38c6e8c7-b0ee-4ce9-99d5-f3dd1f8f672c_compactdf10.jpg]
[cdn.shopify.com/s/files/1/0002/7262/9771/products/p15_ff2e01c1-676e-4257-9834-5dc1de42ea8a_compactdf10.jpg]
[cdn.shopify.com/s/files/1/0002/7262/9771/products/p16_982a741d-7e3e-4784-9356-06d7c73591b6_compactdf10.jpg]
[cdn.shopify.com/s/files/1/0002/7262/9771/products/p17_cf87bdc5-b60d-4bf2-91df-469747559e7f_compactdf10.jpg]
[cdn.shopify.com/s/files/1/0002/7262/9771/products/p18_f7b05325-8ebf-4913-933a-fb7e97ff58f2_compactdf10.jpg]
[cdn.shopify.com/s/files/1/0002/7262/9771/products/p19_compactdf10.jpg]
[raplian.myshopify.com/products/striped-crop-top.html]
[raplian.myshopify.com/collections/sports-wear/products/printed-t-shirt.html]
[cdn.shopify.com/s/files/1/0002/7262/9771/products/p18_0b36a28c-360a-4400-a675-f643c38b1e91cb04.jpg]
[raplian.myshopify.com/products/printed-hooded-sleeveless-sweatshirt.oembed]
[cdn.shopify.com/s/files/1/0002/7262/9771/products/p18_0b36a28c-360a-4400-a675-f643c38b1e91_compactcb04.jpg]
[cdn.shopify.com/s/files/1/0002/7262/9771/products/p19_977dd4bc-7de1-4b46-9728-6abe5ba9526d_compactcb04.jpg]
[cdn.shopify.com/s/files/1/0002/7262/9771/products/p20_df07b5c4-1954-4a93-848e-84097a063d91_compactcb04.jpg]
[cdn.shopify.com/s/files/1/0002/7262/9771/products/p21_dbcec500-58d9-4901-97bd-c738ff36b6d0_compactcb04.jpg]
[cdn.shopify.com/s/files/1/0002/7262/9771/products/p22_dbd0c7ad-b046-4763-be3d-5ceb3268fc21_compactcb04.jpg]
[cdn.shopify.com/s/files/1/0002/7262/9771/products/p23_compactcb04.jpg]
[raplian.myshopify.com/products/printed-hooded-sleeveless-sweatshirt.html]
[cdn.shopify.com/s/files/1/0002/7262/9771/products/p21_b27ba424-2b90-4b1a-b292-566b9f1089205f69.jpg]
[raplian.myshopify.com/products/tailored-jacket.oembed]
[cdn.shopify.com/s/files/1/0002/7262/9771/products/p21_b27ba424-2b90-4b1a-b292-566b9f108920_compact5f69.jpg]
[cdn.shopify.com/s/files/1/0002/7262/9771/products/p22_60202004-e68c-4c2e-b6cb-b2778638e4d0_compact5f69.jpg]
[cdn.shopify.com/s/files/1/0002/7262/9771/products/p23_7ee0fe74-c6a3-4f22-ae3e-7f479a5dd3b6_compact5f69.jpg]
[cdn.shopify.com/s/files/1/0002/7262/9771/products/p24_732f3214-79f1-439d-9a87-be65f2e89c30_compact5f69.jpg]
[cdn.shopify.com/s/files/1/0002/7262/9771/products/p25_53f5d8f1-8d1e-4567-970f-17f4b8f33079_compact5f69.jpg]
[cdn.shopify.com/s/files/1/0002/7262/9771/products/p26_compact5f69.jpg]
[raplian.myshopify.com/products/tailored-jacket.html]
[raplian.myshopify.com/products/polyester-printed-kurta.oembed]
[raplian.myshopify.com/products/scalloped-hem-layered-top.html]
[cdn.shopify.com/s/files/1/0002/7262/9771/products/p25_4b02b091-c429-4b4c-b258-ac55d9d19205ba66.jpg]
[cdn.shopify.com/s/files/1/0002/7262/9771/products/p25_4b02b091-c429-4b4c-b258-ac55d9d19205_compactba66.jpg]
[cdn.shopify.com/s/files/1/0002/7262/9771/products/p26_7365bdda-1dde-4ce8-8835-95b43ecddada_compactba66.jpg]
[cdn.shopify.com/s/files/1/0002/7262/9771/products/p27_0f57fed7-005e-48e5-8762-e9d2786eb8b6_compactba66.jpg]
[cdn.shopify.com/s/files/1/0002/7262/9771/products/p28_1f3d8215-c5c0-46fc-8d84-9821749585e8_compactba66.jpg]
[cdn.shopify.com/s/files/1/0002/7262/9771/products/p29_853f589c-8095-4a79-a211-832c6379e3fd_compactba66.jpg]
[cdn.shopify.com/s/files/1/0002/7262/9771/products/p30_compactba66.jpg]
[raplian.myshopify.com/products/polyester-printed-kurta.html]
[cdn.shopify.com/s/files/1/0002/7262/9771/products/p27_28c60689-52bd-45b7-950c-68b97c66bf547c35.jpg]
[raplian.myshopify.com/products/men-striped-sweater.oembed]
[cdn.shopify.com/s/files/1/0002/7262/9771/products/p27_28c60689-52bd-45b7-950c-68b97c66bf54_compact7c35.jpg]
[cdn.shopify.com/s/files/1/0002/7262/9771/products/p28_89df6f94-b404-4153-912f-9fe3c297e5bb_compact7c35.jpg]
[cdn.shopify.com/s/files/1/0002/7262/9771/products/p29_68f90b5c-8746-495e-9dc8-e06477edcb74_compact7c35.jpg]
[cdn.shopify.com/s/files/1/0002/7262/9771/products/p30_3bf4e825-eec9-469e-ae28-bf109d7d4363_compact7c35.jpg]
[cdn.shopify.com/s/files/1/0002/7262/9771/products/p31_a3c009b3-cedf-4aaf-bd20-16c33efd45dd_compact7c35.jpg]
[cdn.shopify.com/s/files/1/0002/7262/9771/products/p32_compact7c35.jpg]
[raplian.myshopify.com/products/men-striped-sweater.html]
[raplian.myshopify.com/blogs/news.atom]
[cdn.shopify.com/s/files/1/0002/7262/9771/files/side-banner-4_1024x10245a93.jpg]
[cdn.shopify.com/s/files/1/0002/7262/9771/articles/blog-img3_1024x102456a2.jpg]
[raplian.myshopify.com/blogs/news/tagged/blog.html]
[raplian.myshopify.com/blogs/news/ut-faucibus-vitae-augue-viverra-pretium.html]
[cdn.shopify.com/s/files/1/0002/7262/9771/articles/blog-img2_1024x102441a6.jpg]
[raplian.myshopify.com/blogs/news/nunc-facilisis-sagittis-ullamcorper.html]
[cdn.shopify.com/s/files/1/0002/7262/9771/articles/blog-img1_1024x1024a8e0.jpg]
[raplian.myshopify.com/blogs/news/pellentesque-aliquet-sem.html]
[s7.addthis.com/js/300/addthis_widget.js]
[raplian.myshopify.com/collections/swimwear.atom]
[raplian.myshopify.com/collections/swimwear4658.html]
[raplian.myshopify.com/collections/swimwear.oembed]
[raplian.myshopify.com/collections/swimwear/products/women-printed-parka]
[raplian.myshopify.com/collections/swimwear/products/women-printed-parka]
[raplian.myshopify.com/collections/swimwear/products/women-solid-longline-sweater]
[raplian.myshopify.com/collections/swimwear/products/striped-crop-top.html]
[raplian.myshopify.com/collections/swimwear/products/women-checked-shift-dress.html]
[raplian.myshopify.com/collections/swimwear/products/printed-hooded-sleeveless-sweatshirt.html]
[raplian.myshopify.com/collections/swimwear.html]
[raplian.myshopify.com/collections/sports-wear.html]
[cdn-images.mailchimp.com/embedcode/slim-081711.css]
[cdn.shopify.com/s/files/1/0002/7262/9771/articles/blog-img3_455x300@2x56a2.jpg]
[cdn.shopify.com/s/files/1/0002/7262/9771/articles/blog-img2_455x300@2x41a6.jpg]
[cdn.shopify.com/s/files/1/0002/7262/9771/articles/blog-img1_455x300@2xa8e0.jpg]
[raplian.myshopify.com/blogs/news.html]
[cdn.shopify.com/s/global/searchcab3.css]
[raplian.myshopify.com/search.html]
[raplian.myshopify.com/pages/about-us.html]
[cdn.shopify.com/s/files/1/0002/7262/9771/t/3/assets/downloadf0bc.svg]
[cdn.shopify.com/s/files/1/0002/7262/9771/t/3/assets/grabbing.html]
[cdn.shopify.com/s/files/1/0002/7262/9771/t/3/assets/fontawesome-webfont3295.svg]
[cdn.shopify.com/s/files/1/0002/7262/9771/t/3/assets/revicons90c6.svg]
[cdn.shopify.com/s/files/1/0002/7262/9771/t/3/assets/openhand.html]
[cdn.shopify.com/s/files/1/0002/7262/9771/t/3/assets/closedhand.html]
[cdn.shopify.com/s/files/1/0002/7262/9771/t/3/assets/gridtile.html]
[cdn.shopify.com/s/files/1/0002/7262/9771/t/3/assets/gridtile_white.html]
[cdn.shopify.com/s/files/1/0002/7262/9771/t/3/assets/gridtile_3x3.html]
[cdn.shopify.com/s/files/1/0002/7262/9771/t/3/assets/gridtile_3x3_white.html]
[cdn.shopify.com/s/files/1/0002/7262/9771/t/3/assets/coloredbg.html]
[cdn.shopify.com/s/files/1/0002/7262/9771/t/3/assets/loader.html]
[cdn.shopify.com/s/files/1/0002/7262/9771/t/3/assets/Pe-icon-7-strokebb1d.html]
[cdn.shopify.com/s/files/1/0002/7262/9771/t/3/assets/Pe-icon-7-stroked41d.html]
[cdn.shopify.com/s/files/1/0002/7262/9771/t/3/assets/Pe-icon-7-strokebb1d-2.html]
[cdn.shopify.com/s/files/1/0002/7262/9771/t/3/assets/Pe-icon-7-strokebb1d-3.html]
[cdn.shopify.com/s/files/1/0002/7262/9771/t/3/assets/Pe-icon-7-strokebb1d-4.html]
[raplian.myshopify.com/products/christy-world-full-sleeve-solid-womens-jacket.oembed]
[cdn.shopify.com/s/files/1/0002/7262/9771/products/p40_26aef91c-ff58-4058-b8ce-7270b50922d5255b.jpg]
[cdn.shopify.com/s/files/1/0002/7262/9771/products/p1_dd51222e-024d-419e-ab4b-5d1aaf77b8ca_compact255b.jpg]
[cdn.shopify.com/s/files/1/0002/7262/9771/products/p2_519ce25f-3ad5-490c-b44f-24953708ce8f_compact255b.jpg]
[cdn.shopify.com/s/files/1/0002/7262/9771/products/p3_329e23cc-0a8b-43ed-b0bc-6ccb2d26c9f6_compact255b.jpg]
[cdn.shopify.com/s/files/1/0002/7262/9771/products/p4_8cc87336-7163-4fba-b46a-cdf04236f636_compact255b.jpg]
[cdn.shopify.com/s/files/1/0002/7262/9771/products/p5_71cec13b-2c84-42b0-bb85-ad51314e078e_compact255b.jpg]
[raplian.myshopify.com/products/christy-world-full-sleeve-solid-womens-jacket.html]
[raplian.myshopify.com/collections/all.atom]
[raplian.myshopify.com/collections/all4658.html]
[raplian.myshopify.com/collections/all9ba9.html]
[raplian.myshopify.com/collections/allfdb0.html]
[raplian.myshopify.com/products/a-line-kurta.html]
[raplian.myshopify.com/collections/all.html]
[raplian.myshopify.com/products/women-solid-longline-sweater.html]
[raplian.myshopify.com/products/women-solid-biker-jacket.html]
[raplian.myshopify.com/products/women-solid-a-line-dress.html]
[raplian.myshopify.com/products/women-printed-top.oembed]
[cdn.shopify.com/s/files/1/0002/7262/9771/products/p12_f197d5bc-2469-4131-8386-8324e256323b_compact28a1.jpg]
[cdn.shopify.com/s/files/1/0002/7262/9771/products/p13_585d889b-561d-4186-8d62-87889678c38f_compact28a1.jpg]
[cdn.shopify.com/s/files/1/0002/7262/9771/products/p14_98ec7c08-8ccd-4e6a-9926-5d7ce460bec3_compact28a1.jpg]
[cdn.shopify.com/s/files/1/0002/7262/9771/products/p15_97e8b5d9-87e5-44e8-b2fd-38b4ebc7a2cb_compact28a1.jpg]
[cdn.shopify.com/s/files/1/0002/7262/9771/products/p16_33be075b-41e3-441a-99f3-97fe91616965_compact28a1.jpg]
[raplian.myshopify.com/products/women-printed-top.html]
[raplian.myshopify.com/collections/winter-wear/products/women-solid-longline-sweater]
[raplian.myshopify.com/collections/winter-wear/products/men-striped-sweater.html]
[raplian.myshopify.com/collections/winter-wear.html]
[raplian.myshopify.com/collections/dresses4658.html]
[raplian.myshopify.com/collections/dresses-2.html]
[raplian.myshopify.com/collections/dresses/products/women-printed-parka.html]
[raplian.myshopify.com/collections/dresses/products/women-printed-top.html]
[raplian.myshopify.com/collections/dresses9ba9.html]
[raplian.myshopify.com/collections/dressesfdb0.html]
[raplian.myshopify.com/collections/dresses/products/women-printed-sweatshirt.html]
[raplian.myshopify.com/collections/dresses/products/women-cold-shoulder-maxi-dress.html]
[raplian.myshopify.com/collections/dresses/products/women-checked-shift-dress.html]
[raplian.myshopify.com/collections/dresses/products/viscose-plain-scarf-stole.html]
[raplian.myshopify.com/collections/dresses/products/vea-kupia-womens-sheath-red-dress.html]
[raplian.myshopify.com/collections/dresses/products/utsa-by-westside-palazzos.html]
[raplian.myshopify.com/collections/dresses/products/striped-sheath-dress.html]
[raplian.myshopify.com/collections/tops-2.html]
[raplian.myshopify.com/collections/tops4658.html]
[raplian.myshopify.com/collections/tops-3.html]
[raplian.myshopify.com/collections/tops/products/women-printed-parka.html]
[raplian.myshopify.com/collections/tops/products/women-solid-longline-sweater.html]
[raplian.myshopify.com/collections/tops/products/women-solid-biker-jacket.html]
[raplian.myshopify.com/collections/tops/products/women-printed-top.html]
[raplian.myshopify.com/collections/tops/products/a-line-kurta.html]
[raplian.myshopify.com/collections/tops/products/sheer-ombre-dyed-top.html]
[raplian.myshopify.com/collections/tops/products/bomber-jacket.html]
[raplian.myshopify.com/collections/tops/products/colourblock-fit-amp-flare-dress.html]
[raplian.myshopify.com/collections/tops/products/belle-fille-women-hooded-sweatshirt.html]
[raplian.myshopify.com/collections/tops/products/utsa-by-westside-palazzos.html]
[raplian.myshopify.com/collections/tops/products/detachable-hood-padded-jacket.html]
[raplian.myshopify.com/collections/ethnic-wear-2.html]
[raplian.myshopify.com/collections/ethnic-wear-3.html]
[raplian.myshopify.com/collections/ethnic-wear/products/women-printed-parka.html]
[raplian.myshopify.com/collections/ethnic-wear/products/women-solid-biker-jacket.html]
[raplian.myshopify.com/collections/ethnic-wear/products/women-solid-a-line-dress.html]
[raplian.myshopify.com/collections/ethnic-wear/products/women-printed-top.html]
[raplian.myshopify.com/collections/ethnic-wear/products/colourblock-fit-amp-flare-dress.html]
[raplian.myshopify.com/collections/ethnic-wear/products/belle-fille-women-hooded-sweatshirt.html]
[raplian.myshopify.com/collections/ethnic-wear/products/printed-straight-kurta.html]
[raplian.myshopify.com/collections/ethnic-wear/products/scalloped-hem-layered-top.html]
[raplian.myshopify.com/collections/ethnic-wear/products/ajile-solid-womens-straight-black-skirt.html]
[raplian.myshopify.com/collections/ethnic-wear/products/christy-world-full-sleeve-solid-womens-jacket.html]
[raplian.myshopify.com/collections/kids-2.html]
[raplian.myshopify.com/collections/kids-3.html]
[raplian.myshopify.com/collections/kids/products/women-solid-longline-sweater.html]
[raplian.myshopify.com/collections/kids/products/women-solid-biker-jacket.html]
[raplian.myshopify.com/collections/kids/products/women-solid-a-line-dress.html]
[raplian.myshopify.com/collections/kids/products/women-printed-top.html]
[raplian.myshopify.com/collections/kids/products/belle-fille-women-hooded-sweatshirt.html]
[raplian.myshopify.com/collections/kids/products/printed-straight-kurta.html]
[raplian.myshopify.com/collections/kids/products/scalloped-hem-layered-top.html]
[raplian.myshopify.com/collections/kids/products/ajile-solid-womens-straight-black-skirt.html]
[raplian.myshopify.com/collections/kids/products/christy-world-full-sleeve-solid-womens-jacket.html]
[raplian.myshopify.com/products/colourblock-fit-amp-flare-dress-2.html]
[raplian.myshopify.com/collections/typesc4c5.html]
[raplian.myshopify.com/collections/vendors308b.html]
[pinterest.com/pin/create/button/indexccd9.html]
[raplian.myshopify.com/collections/clothing/products/women-printed-sweatshirt.html]
[raplian.myshopify.com/collections/clothing/products/women-printed-parka.html]
[raplian.myshopify.com/collections/clothing/products/women-cold-shoulder-maxi-dress.html]
[raplian.myshopify.com/collections/clothing/products/women-checked-shift-dress.html]
[raplian.myshopify.com/collections/clothing/products/viscose-plain-scarf-stole.html]
[raplian.myshopify.com/collections/clothing/products/vea-kupia-womens-sheath-red-dress.html]
[raplian.myshopify.com/collections/clothing/products/utsa-by-westside-palazzos.html]
[raplian.myshopify.com/collections/clothing/products/striped-sheath-dress.html]
[raplian.myshopify.com/collections/clothing/products/solid-kurta.html]
[raplian.myshopify.com/collections/clothing/products/solid-biker-jacket.html]
[raplian.myshopify.com/collections/clothing/products/sheer-ombre-dyed-top.html]
[raplian.myshopify.com/collections/clothing/products/scalloped-hem-layered-top.html]
[raplian.myshopify.com/collections/clothing/products/sand-puffer-jacket.html]
[raplian.myshopify.com/collections/clothing/products/ruffled-a-line-dress.html]
[raplian.myshopify.com/collections/clothing/products/rare-black-fit-amp-flare-dress.html]
[raplian.myshopify.com/collections/clothing/products/printed-straight-kurta.html]
[raplian.myshopify.com/collections/clothing/products/printed-round-neck-t-shirt.html]
[raplian.myshopify.com/collections/clothing/products/printed-off-shoulder-blouson-top.html]
[raplian.myshopify.com/collections/clothing/products/printed-hooded-sleeveless-sweatshirt.html]
[raplian.myshopify.com/collections/clothing/products/polyester-printed-kurta.html]
[raplian.myshopify.com/collections/clothing-2.html]
[raplian.myshopify.com/collections/clothing4658.html]
[raplian.myshopify.com/collections/clothing-3.html]
[raplian.myshopify.com/collections/clothing/products/bomber-jacket.html]
[raplian.myshopify.com/collections/clothing/products/women-solid-longline-sweater.html]
[raplian.myshopify.com/collections/clothing/products/women-solid-biker-jacket.html]
[raplian.myshopify.com/collections/clothing/products/women-solid-a-line-dress.html]
[raplian.myshopify.com/collections/clothing/products/women-printed-top.html]
[raplian.myshopify.com/collections/clothing9ba9.html]
[raplian.myshopify.com/products/women-solid-longline-sweater-2.html]
[raplian.myshopify.com/collections/dresses/products/ajile-solid-womens-straight-black-skirt.html]
[pinterest.com/pin/create/button/indexd09b.html]
[raplian.myshopify.com/collections/dresses/products/solid-kurta.html]
[raplian.myshopify.com/collections/dresses/products/solid-biker-jacket.html]
[raplian.myshopify.com/collections/dresses/products/sheer-ombre-dyed-top.html]
[raplian.myshopify.com/collections/dresses/products/scalloped-hem-layered-top.html]
[raplian.myshopify.com/collections/dresses/products/sand-puffer-jacket.html]
[raplian.myshopify.com/collections/dresses/products/ruffled-a-line-dress.html]
[raplian.myshopify.com/collections/dresses/products/rare-black-fit-amp-flare-dress.html]
[raplian.myshopify.com/collections/dresses/products/printed-straight-kurta.html]
[raplian.myshopify.com/collections/dresses/products/printed-round-neck-t-shirt.html]
[raplian.myshopify.com/products/women-solid-biker-jacket-2.html]
[raplian.myshopify.com/collections/dresses/products/christy-world-full-sleeve-solid-womens-jacket.html]
[pinterest.com/pin/create/button/indexf02b.html]
[raplian.myshopify.com/products/women-solid-a-line-dress-2.html]
[raplian.myshopify.com/collections/dresses/products/bomber-jacket.html]
[raplian.myshopify.com/collections/types0e4e.html]
[pinterest.com/pin/create/button/indexab84.html]
[raplian.myshopify.com/products/ruffled-a-line-dress.html]
[raplian.myshopify.com/products/ruffled-a-line-dress-2.html]
[pinterest.com/pin/create/button/index686c.html]
[raplian.myshopify.com/products/bomber-jacket-2.html]
[pinterest.com/pin/create/button/indexbea8.html]
[raplian.myshopify.com/products/women-printed-parka-2.html]
[pinterest.com/pin/create/button/index187f.html]
[raplian.myshopify.com/products/besiva-womens-sheath-maroon-dress.oembed]
[cdn.shopify.com/s/files/1/0002/7262/9771/products/p36_e40d5ce8-66c6-444b-bf7c-f7d8570442631731.jpg]
[cdn.shopify.com/s/files/1/0002/7262/9771/products/p36_e40d5ce8-66c6-444b-bf7c-f7d857044263_compact1731.jpg]
[cdn.shopify.com/s/files/1/0002/7262/9771/products/p37_63870821-84cc-4425-a364-67441f78e29c_compact1731.jpg]
[cdn.shopify.com/s/files/1/0002/7262/9771/products/p38_86657c48-51d8-49e4-b664-6f118f3cb855_compact1731.jpg]
[cdn.shopify.com/s/files/1/0002/7262/9771/products/p39_ab2857c1-f53b-4dca-8136-a44dc56f09dd_compact1731.jpg]
[cdn.shopify.com/s/files/1/0002/7262/9771/products/p40_a5044745-25e0-42d9-a34c-30ab4b9fb780_compact1731.jpg]
[cdn.shopify.com/s/files/1/0002/7262/9771/products/p1_be6a87a4-eae9-4fc5-8360-9a7088e94dda_compact1731.jpg]
[raplian.myshopify.com/collections/tops/products/besiva-womens-sheath-maroon-dress.html]
[raplian.myshopify.com/collections/tops/products/christy-world-full-sleeve-solid-womens-jacket.html]
[cdn.shopify.com/s/files/1/0002/7262/9771/t/3/assets/soldoutee4b.html]
[pinterest.com/pin/create/button/indexab07.html]
[raplian.myshopify.com/products/only-striped-womens-tube-white-skirt.html]
[raplian.myshopify.com/products/only-striped-womens-tube-white-skirt.oembed]
[cdn.shopify.com/s/files/1/0002/7262/9771/products/p39_8824d4fd-56f3-4fc8-9e97-6b9916719bcd468e.jpg]
[raplian.myshopify.com/collections/clothing/products/men-striped-sweater.html]
[cdn.shopify.com/s/files/1/0002/7262/9771/products/p39_8824d4fd-56f3-4fc8-9e97-6b9916719bcd_compact468e.jpg]
[cdn.shopify.com/s/files/1/0002/7262/9771/products/p40_e4b0781d-8237-43e9-a84f-2cdf54b430e6_compact468e.jpg]
[cdn.shopify.com/s/files/1/0002/7262/9771/products/p1_1a91e426-9757-4800-8055-1f7ae3ed898c_compact468e.jpg]
[cdn.shopify.com/s/files/1/0002/7262/9771/products/p2_3b31eabd-236d-4fb8-a0a9-20a55c7c282e_compact468e.jpg]
[cdn.shopify.com/s/files/1/0002/7262/9771/products/p3_27a7638d-c848-4543-9cd1-2618d0ba48c2_compact468e.jpg]
[cdn.shopify.com/s/files/1/0002/7262/9771/products/p4_90544f7c-108c-4d85-9b5b-4c33faca77d7_compact468e.jpg]
[raplian.myshopify.com/collections/clothing/products/only-striped-womens-tube-white-skirt.html]
[raplian.myshopify.com/products/printed-round-neck-t-shirt.html]
[pinterest.com/pin/create/button/indexb00b.html]
[raplian.myshopify.com/collections/typescee8.html]
[pinterest.com/pin/create/button/index8923.html]
[pinterest.com/pin/create/button/index6082.html]
[pinterest.com/pin/create/button/index0af3.html]
[raplian.myshopify.com/collections/typesf833.html]
[raplian.myshopify.com/products/viscose-plain-scarf-stole-2.html]
[pinterest.com/pin/create/button/index762d.html]
[raplian.myshopify.com/products/vea-kupia-womens-sheath-red-dress-2.html]
[pinterest.com/pin/create/button/index7392.html]
[pinterest.com/pin/create/button/index7bff.html]
[raplian.myshopify.com/products/striped-sheath-dress-2.html]
[raplian.myshopify.com/products/ajile-solid-womens-straight-black-skirt.html]
[pinterest.com/pin/create/button/index6f6c.html]
[cdn.shopify.com/s/files/1/0002/7262/9771/products/p28_12f956cd-8d4b-4a9d-8ad6-3da99dd6a7f2acb1.jpg]
[cdn.shopify.com/s/files/1/0002/7262/9771/products/p29_b21c1b7a-b4a2-4f50-b09f-2470a88e79ba_compactacb1.jpg]
[cdn.shopify.com/s/files/1/0002/7262/9771/products/p30_da4cb1e9-ff53-4b6d-9378-f40f993837db_compactacb1.jpg]
[cdn.shopify.com/s/files/1/0002/7262/9771/products/p31_53869634-bb45-4cc0-8a1b-63ad2b88f136_compactacb1.jpg]
[cdn.shopify.com/s/files/1/0002/7262/9771/products/p32_fac7ac61-62d2-4dce-a339-31649c49d340_compactacb1.jpg]
[cdn.shopify.com/s/files/1/0002/7262/9771/products/p33_compactacb1.jpg]
[raplian.myshopify.com/products/belle-fille-women-hooded-sweatshirt.html]
[raplian.myshopify.com/collections/types7389.html]
[pinterest.com/pin/create/button/index94a6.html]
[raplian.myshopify.com/collections/sports-wear/products/women-printed-sweatshirt.html]
[raplian.myshopify.com/collections/sports-wear/products/striped-crop-top.html]
[raplian.myshopify.com/collections/sports-wear/products/women-checked-shift-dress.html]
[cdn.shopify.com/s/files/1/0002/7262/9771/products/p17_2d4480fe-cad8-488e-bef2-2dd82d6875d74a51.jpg]
[cdn.shopify.com/s/files/1/0002/7262/9771/products/p17_2d4480fe-cad8-488e-bef2-2dd82d6875d7_compact4a51.jpg]
[cdn.shopify.com/s/files/1/0002/7262/9771/products/p18_cddce58a-3c17-4442-a036-19825796679c_compact4a51.jpg]
[cdn.shopify.com/s/files/1/0002/7262/9771/products/p19_36647123-e844-4571-92fa-0abfa031713e_compact4a51.jpg]
[cdn.shopify.com/s/files/1/0002/7262/9771/products/p20_025ed9a5-9d38-4dcd-b63a-38dd93c1ccdf_compact4a51.jpg]
[cdn.shopify.com/s/files/1/0002/7262/9771/products/p21_647a557b-e621-4f4b-be7a-497232142ca5_compact4a51.jpg]
[cdn.shopify.com/s/files/1/0002/7262/9771/products/p22_compact4a51.jpg]
[raplian.myshopify.com/collections/sports-wear/products/sand-puffer-jacket.html]
[raplian.myshopify.com/collections/sports-wear/products/printed-hooded-sleeveless-sweatshirt.html]
[raplian.myshopify.com/collections/sports-wear/products/tailored-jacket.html]
[raplian.myshopify.com/collections/sports-wear/products/polyester-printed-kurta.html]
[raplian.myshopify.com/collections/sports-wear/products/men-striped-sweater.html]
[raplian.myshopify.com/collections/sports-wear/products/belle-fille-women-hooded-sweatshirt.html]
[cdn.shopify.com/s/files/1/0002/7262/9771/products/p34_a901fa18-c28d-4f6a-811b-0a3d59ea652db87f.jpg]
[raplian.myshopify.com/products/georgette-cape-top.oembed]
[cdn.shopify.com/s/files/1/0002/7262/9771/products/p34_a901fa18-c28d-4f6a-811b-0a3d59ea652d_compactb87f.jpg]
[cdn.shopify.com/s/files/1/0002/7262/9771/products/p35_03746202-4cd3-4d17-bf0e-25fe00ac61ab_compactb87f.jpg]
[cdn.shopify.com/s/files/1/0002/7262/9771/products/p36_01d2153d-b574-490f-bd63-60cc0601d23e_compactb87f.jpg]
[cdn.shopify.com/s/files/1/0002/7262/9771/products/p37_5ada4fd3-753f-4961-b02c-416d3e115dfc_compactb87f.jpg]
[cdn.shopify.com/s/files/1/0002/7262/9771/products/p38_c07dc58b-777f-4de4-a28f-7e121632e5fd_compactb87f.jpg]
[cdn.shopify.com/s/files/1/0002/7262/9771/products/p39_compactb87f.jpg]
[raplian.myshopify.com/collections/sports-wear/products/georgette-cape-top.html]
[raplian.myshopify.com/products/forever-21-solid-women-regular-blue-skirt.oembed]
[raplian.myshopify.com/collections/sports-wear/products/ajile-solid-womens-straight-black-skirt.297.delayed]
[cdn.shopify.com/s/files/1/0002/7262/9771/products/p38_2097fd8e-0cb2-49b1-8488-c53f7e32be63da0f.jpg]
[cdn.shopify.com/s/files/1/0002/7262/9771/products/p38_2097fd8e-0cb2-49b1-8488-c53f7e32be63_compactda0f.jpg]
[cdn.shopify.com/s/files/1/0002/7262/9771/products/p39_73d754ac-040c-4f57-9986-4c7129d729c9_compactda0f.jpg]
[cdn.shopify.com/s/files/1/0002/7262/9771/products/p40_fc0a9d3d-a483-4a41-b3e3-899759d7ede5_compactda0f.jpg]
[cdn.shopify.com/s/files/1/0002/7262/9771/products/p1_08fcf29c-3ac6-41b0-a5bc-a5e8034c5e0c_compactda0f.jpg]
[cdn.shopify.com/s/files/1/0002/7262/9771/products/p2_452ecb41-39c4-444e-97dc-2c04d9e866e8_compactda0f.jpg]
[cdn.shopify.com/s/files/1/0002/7262/9771/products/p3_a020b4e1-c9e1-4b4b-8350-70623a4a3b0c_compactda0f.jpg]
[raplian.myshopify.com/collections/sports-wear/products/forever-21-solid-women-regular-blue-skirt.html]
[raplian.myshopify.com/collections/sports-wear/products/only-striped-womens-tube-white-skirt.html]
[raplian.myshopify.com/products/printed-straight-kurta.oembed]
[cdn.shopify.com/s/files/1/0002/7262/9771/products/p32_567ef730-58e3-41f2-ba28-8ec35731a1430d4e.jpg]
[cdn.shopify.com/s/files/1/0002/7262/9771/products/p33_1880fb00-cf0a-4581-bb37-b80b143ff3cd_compact0d4e.jpg]
[cdn.shopify.com/s/files/1/0002/7262/9771/products/p34_7603fb18-6561-42f0-b889-596a0091ecc5_compact0d4e.jpg]
[cdn.shopify.com/s/files/1/0002/7262/9771/products/p35_9afc090c-0ba2-4136-958a-7faa426ef57c_compact0d4e.jpg]
[cdn.shopify.com/s/files/1/0002/7262/9771/products/p36_322d74ed-dfa3-4064-87d5-3dc5bf78f6a5_compact0d4e.jpg]
[cdn.shopify.com/s/files/1/0002/7262/9771/products/p37_compact0d4e.jpg]
[raplian.myshopify.com/products/printed-straight-kurta.html]
[pinterest.com/pin/create/button/indexad88.html]
[raplian.myshopify.com/collections/sports-wear/products/printed-t-shirt.html]
[pinterest.com/pin/create/button/index6338.html]
[pinterest.com/pin/create/button/index5d24.html]
[cdn.shopify.com/s/files/1/0002/7262/9771/products/p33_5235fab0-5561-4ec3-99b7-38d820185c81b82f.jpg]
[cdn.shopify.com/s/files/1/0002/7262/9771/products/p34_fcf7f0aa-6e4d-4abd-ad52-8e925715b12b_compactb82f.jpg]
[cdn.shopify.com/s/files/1/0002/7262/9771/products/p35_3e036380-32a6-4eff-85b0-4d44841c9c5e_compactb82f.jpg]
[cdn.shopify.com/s/files/1/0002/7262/9771/products/p36_bffc7489-98bf-4d4a-bd0d-01b382ada673_compactb82f.jpg]
[cdn.shopify.com/s/files/1/0002/7262/9771/products/p37_17d5ba89-7f88-46f4-be0a-b28cdc7c4ae0_compactb82f.jpg]
[cdn.shopify.com/s/files/1/0002/7262/9771/products/p38_compactb82f.jpg]
[raplian.myshopify.com/products/scalloped-hem-layered-top.html]
[pinterest.com/pin/create/button/index802e.html]
[pinterest.com/pin/create/button/indexf34e.html]
[cdn.shopify.com/s/files/1/0002/7262/9771/t/3/compiled_assets/stylesee4b.css]
[raplian.myshopify.com/blogs/news/tagged/blog.html]
[raplian.myshopify.com/blogs/news/tagged/blog-post.html]
[raplian.myshopify.com/blogs/news/tagged/post.html]
[raplian.myshopify.com/collections/swimwear/products/forever-21-solid-women-regular-blue-skirt.html]
[raplian.myshopify.com/collections/swimwear4658.html]
[raplian.myshopify.com/collections/swimwear/products/women-solid-longline-sweater.html]
[raplian.myshopify.com/collections/swimwear/products/women-solid-biker-jacket.html]
[raplian.myshopify.com/collections/swimwear/products/women-solid-a-line-dress.html]
[raplian.myshopify.com/collections/swimwear/products/women-printed-top.html]
[raplian.myshopify.com/collections/swimwear/products/men-slim-fit-jeans.html]
[raplian.myshopify.com/products/men-slim-fit-jeans.html]
[raplian.myshopify.com/collections/swimwear/products/printed-t-shirt.html]
[raplian.myshopify.com/collections/swimwear/products/women-printed-sweatshirt.html]
[raplian.myshopify.com/collections/swimwear/products/only-striped-womens-tube-white-skirt.html]
[raplian.myshopify.com/collections/swimwear/products/striped-crop-top.html]
[raplian.myshopify.com/collections/swimwear/products/women-checked-shift-dress.html]
[raplian.myshopify.com/collections/swimwear/products/sand-puffer-jacket.html]
[raplian.myshopify.com/collections/swimwear/products/printed-hooded-sleeveless-sweatshirt.html]
[raplian.myshopify.com/collections/swimwear/products/tailored-jacket.html]
[raplian.myshopify.com/collections/swimwear/products/polyester-printed-kurta.html]
[raplian.myshopify.com/collections/swimwear/products/men-striped-sweater.html]
[raplian.myshopify.com/collections/swimwear/products/belle-fille-women-hooded-sweatshirt.html]
[raplian.myshopify.com/collections/swimwear/products/georgette-cape-top.html]
[raplian.myshopify.com/collections/sports-wear-2.html]
[raplian.myshopify.com/collections/sports-wear4658.html]
[raplian.myshopify.com/collections/sports-wear-3.html]
[raplian.myshopify.com/collections/sports-wear/products/women-printed-parka.html]
[raplian.myshopify.com/collections/sports-wear/products/women-solid-longline-sweater.html]
[raplian.myshopify.com/collections/sports-wear/products/women-solid-biker-jacket.html]
[raplian.myshopify.com/collections/sports-wear/products/women-solid-a-line-dress.html]
[raplian.myshopify.com/collections/sports-wear/products/women-printed-top.html]
[cdn.shopify.com/s/global/searchcab3.css]
[pinterest.com/pin/create/button/index52d7.html]
[raplian.myshopify.com/collections/all4658.html]
[raplian.myshopify.com/collections/all9ba9.html]
[raplian.myshopify.com/collections/allfdb0.html]
[cdn.shopify.com/s/files/1/0002/7262/9771/products/p13_66175d2d-7225-40b3-9760-e45ebdfecae5e875.jpg]
[cdn.shopify.com/s/files/1/0002/7262/9771/products/p13_66175d2d-7225-40b3-9760-e45ebdfecae5_compacte875.jpg]
[cdn.shopify.com/s/files/1/0002/7262/9771/products/p14_bef5f610-d6b3-4dbe-9d61-17e052782a0e_compacte875.jpg]
[cdn.shopify.com/s/files/1/0002/7262/9771/products/p15_a8f9c4f9-627c-428e-9d5d-fc1deefba002_compacte875.jpg]
[cdn.shopify.com/s/files/1/0002/7262/9771/products/p16_332076d4-f228-4ddd-8c99-a4412b91db78_compacte875.jpg]
[cdn.shopify.com/s/files/1/0002/7262/9771/products/p17_compacte875.jpg]
[cdn.shopify.com/s/files/1/0002/7262/9771/products/p18_compacte875.jpg]
[raplian.myshopify.com/products/a-line-kurta.html]
[raplian.myshopify.com/products/besiva-womens-sheath-maroon-dress.html]
[raplian.myshopify.com/products/detachable-hood-padded-jacket.html]
[raplian.myshopify.com/products/forever-21-solid-women-regular-blue-skirt.html]
[raplian.myshopify.com/products/georgette-cape-top.html]
[pinterest.com/pin/create/button/indexa23f.html]
[raplian.myshopify.com/collections/winter-wear-2.html]
[raplian.myshopify.com/collections/winter-wear-3.html]
[raplian.myshopify.com/collections/winter-wear/products/belle-fille-women-hooded-sweatshirt.html]
[raplian.myshopify.com/collections/winter-wear/products/women-solid-longline-sweater.html]
[raplian.myshopify.com/collections/winter-wear/products/women-solid-biker-jacket.html]
[raplian.myshopify.com/collections/winter-wear/products/women-solid-a-line-dress.html]
[raplian.myshopify.com/collections/winter-wear/products/women-printed-top.html]
[raplian.myshopify.com/collections/winter-wear/products/printed-t-shirt.html]
[raplian.myshopify.com/collections/winter-wear/products/women-printed-sweatshirt.html]
[raplian.myshopify.com/collections/winter-wear/products/striped-crop-top.html]
[raplian.myshopify.com/collections/winter-wear/products/women-checked-shift-dress.html]
[raplian.myshopify.com/collections/winter-wear/products/printed-hooded-sleeveless-sweatshirt.html]
[raplian.myshopify.com/collections/winter-wear/products/tailored-jacket.html]
[raplian.myshopify.com/collections/winter-wear/products/polyester-printed-kurta.html]
[raplian.myshopify.com/collections/winter-wear/products/men-striped-sweater.html]
[raplian.myshopify.com/collections/winter-wear/products/georgette-cape-top.html]
[raplian.myshopify.com/collections/winter-wear/products/forever-21-solid-women-regular-blue-skirt.html]
[raplian.myshopify.com/collections/winter-wear/products/only-striped-womens-tube-white-skirt.html]
[pinterest.com/pin/create/button/index7e28.html]
[pinterest.com/pin/create/button/indexfbca.html]
[pinterest.com/pin/create/button/index1998.html]
[pinterest.com/pin/create/button/indexb217.html]
[pinterest.com/pin/create/button/indexc39d.html]
[pinterest.com/pin/create/button/index2a08.html]
[pinterest.com/pin/create/button/indexe1f8.html]
[pinterest.com/pin/create/button/index828b.html]
[pinterest.com/pin/create/button/indexaeef.html]
[raplian.myshopify.com/products/only-striped-womens-tube-white-skirt.html]
[raplian.myshopify.com/collections/clothing/products/colourblock-fit-amp-flare-dress.html]
[raplian.myshopify.com/collections/clothing/products/men-striped-sweater.html]
[pinterest.com/pin/create/button/index5be6.html]
[pinterest.com/pin/create/button/index8f7d.html]
[raplian.myshopify.com/collections/typesf833.html]
[pinterest.com/pin/create/button/index9cbe.html]
[pinterest.com/pin/create/button/indexdb19.html]
[pinterest.com/pin/create/button/index006d.html]
[pinterest.com/pin/create/button/indexa33e.html]
[pinterest.com/pin/create/button/indexb1aa.html]
[pinterest.com/pin/create/button/index0570.html]
[pinterest.com/pin/create/button/index7d87.html]
[raplian.myshopify.com/products/belle-fille-women-hooded-sweatshirt-2.html]
[pinterest.com/pin/create/button/index4af6.html]
[raplian.myshopify.com/collections/typesd4f7.html]
[raplian.myshopify.com/products/sheer-ombre-dyed-top.html]
[pinterest.com/pin/create/button/indexf899.html]
[raplian.myshopify.com/collections/sports-wear/products/scalloped-hem-layered-top.html]
[raplian.myshopify.com/products/sand-puffer-jacket.html]
[raplian.myshopify.com/products/sand-puffer-jacket-2.html]
[raplian.myshopify.com/collections/typesb988.html]
[pinterest.com/pin/create/button/index1542.html]
[pinterest.com/pin/create/button/index75d2.html]
[raplian.myshopify.com/collections/clothing/products/men-slim-fit-jeans.html]
[pinterest.com/pin/create/button/indexffc8.html]
[pinterest.com/pin/create/button/indexe8d4.html]
[pinterest.com/pin/create/button/index0bf4.html]
[raplian.myshopify.com/collections/sports-wear/products/christy-world-full-sleeve-solid-womens-jacket.html]
[pinterest.com/pin/create/button/indexc363.html]
[pinterest.com/pin/create/button/index3983.html]
[raplian.myshopify.com/products/scalloped-hem-layered-top-2.html]
[pinterest.com/pin/create/button/indexaf96.html]
[pinterest.com/pin/create/button/index8be4.html]
[pinterest.com/pin/create/button/indexd2a6.html]
[raplian.myshopify.com/blogs/news/tagged/blog-2.html]
[raplian.myshopify.com/collections/swimwear2679.html]
[raplian.myshopify.com/collections/swimwear4658-2.html]
[raplian.myshopify.com/collections/swimwear/products/scalloped-hem-layered-top.html]
[raplian.myshopify.com/collections/swimwear/products/printed-straight-kurta.2c5.delayed]
[raplian.myshopify.com/collections/swimwear/products/forever-21-solid-women-regular-blue-skirt.html]
[raplian.myshopify.com/collections/swimwear/products/only-striped-womens-tube-white-skirt.html]
[raplian.myshopify.com/collections/swimwear/products/ajile-solid-womens-straight-black-skirt.html]
[pinterest.com/pin/create/button/index4155.html]
[raplian.myshopify.com/collections/all2679.html]
[raplian.myshopify.com/products/rare-black-fit-amp-flare-dress.html]
[raplian.myshopify.com/products/solid-biker-jacket.html]
[raplian.myshopify.com/products/solid-kurta.html]
[raplian.myshopify.com/products/a-line-kurta-2.html]
[pinterest.com/pin/create/button/indexa26f.html]
[pinterest.com/pin/create/button/index0b23.html]
[pinterest.com/pin/create/button/index2eea.html]
[raplian.myshopify.com/products/men-slim-fit-jeans.oembed]
[raplian.myshopify.com/collections/clothing/products/ajile-solid-womens-straight-black-skirt.html]
[cdn.shopify.com/s/files/1/0002/7262/9771/products/p3_b8cd702a-6ba8-4d8a-b673-c0e1d209ab5749f3.jpg]
[raplian.myshopify.com/collections/clothing/products/georgette-cape-top.html]
[cdn.shopify.com/s/files/1/0002/7262/9771/products/p3_b8cd702a-6ba8-4d8a-b673-c0e1d209ab57_compact49f3.jpg]
[cdn.shopify.com/s/files/1/0002/7262/9771/products/p4_ba154ed6-b484-4c53-86c8-db5ec2a19b49_compact49f3.jpg]
[cdn.shopify.com/s/files/1/0002/7262/9771/products/p5_d4dc09c2-801b-4d39-be9e-ad7713b81da6_compact49f3.jpg]
[cdn.shopify.com/s/files/1/0002/7262/9771/products/p6_ec504623-0469-4176-b642-88b5a23dc302_compact49f3.jpg]
[cdn.shopify.com/s/files/1/0002/7262/9771/products/p7_eddb41bc-a90d-449d-b49d-445b11305dc3_compact49f3.jpg]
[cdn.shopify.com/s/files/1/0002/7262/9771/products/p8_e1bf5a35-8ebf-46d8-8c76-f057ceda22ff_compact49f3.jpg]
[raplian.myshopify.com/collections/clothing/products/men-slim-fit-jeans.html]
[pinterest.com/pin/create/button/index5a6c.html]
[pinterest.com/pin/create/button/index134e.html]
[pinterest.com/pin/create/button/index3fa6.html]
[pinterest.com/pin/create/button/indexad3a.html]
[pinterest.com/pin/create/button/indexdd0d.html]
[pinterest.com/pin/create/button/index232e.html]
[pinterest.com/pin/create/button/index7072.html]
[pinterest.com/pin/create/button/index6111.html]
[raplian.myshopify.com/products/ajile-solid-womens-straight-black-skirt.oembed]
[raplian.myshopify.com/collections/clothing/products/christy-world-full-sleeve-solid-womens-jacket.html]
[raplian.myshopify.com/collections/clothing/products/belle-fille-women-hooded-sweatshirt.html]
[cdn.shopify.com/s/files/1/0002/7262/9771/products/p37_ac1a5069-7174-4bd6-8d62-25df5f537a4b0087.jpg]
[raplian.myshopify.com/collections/clothing/products/a-line-kurta.html]
[cdn.shopify.com/s/files/1/0002/7262/9771/products/p38_7bee5ebb-b881-4ddd-8589-c01e5ad03b98_compact0087.jpg]
[cdn.shopify.com/s/files/1/0002/7262/9771/products/p39_228c8fdc-173a-488f-ac97-bb59adbea02f_compact0087.jpg]
[cdn.shopify.com/s/files/1/0002/7262/9771/products/p40_bbcc475c-a69b-45d0-98fa-ab6ff2c46621_compact0087.jpg]
[cdn.shopify.com/s/files/1/0002/7262/9771/products/p1_4191bcb9-1654-4f6f-b415-09cfea2c8297_compact0087.jpg]
[cdn.shopify.com/s/files/1/0002/7262/9771/products/p2_4880fe86-88bc-4f5f-9454-105c0e47be4d_compact0087.jpg]
[raplian.myshopify.com/collections/clothing/products/ajile-solid-womens-straight-black-skirt.html]
[raplian.myshopify.com/collections/clothing/products/georgette-cape-top.html]
[pinterest.com/pin/create/button/index02ac.html]
[raplian.myshopify.com/collections/clothing/products/christy-world-full-sleeve-solid-womens-jacket.html]
[raplian.myshopify.com/collections/clothing/products/forever-21-solid-women-regular-blue-skirt.html]
[raplian.myshopify.com/collections/clothing/products/belle-fille-women-hooded-sweatshirt.html]
[raplian.myshopify.com/collections/clothing/products/a-line-kurta.html]
[pinterest.com/pin/create/button/index4500.html]
[raplian.myshopify.com/collections/clothing/products/besiva-womens-sheath-maroon-dress.html]
[raplian.myshopify.com/collections/clothing/products/forever-21-solid-women-regular-blue-skirt.html]
[pinterest.com/pin/create/button/index7093.html]
[raplian.myshopify.com/collections/clothing/products/besiva-womens-sheath-maroon-dress.html]
[pinterest.com/pin/create/button/index12cc.html]
[raplian.myshopify.com/collections/clothing/products/detachable-hood-padded-jacket.html]
[cdn.shopify.com/s/files/1/0002/7262/9771/products/p30_3acac20f-f884-44dd-8d65-9232ec18c1b564b0.jpg]
[raplian.myshopify.com/products/detachable-hood-padded-jacket.oembed]
[cdn.shopify.com/s/files/1/0002/7262/9771/products/p30_3acac20f-f884-44dd-8d65-9232ec18c1b5_compact64b0.jpg]
[cdn.shopify.com/s/files/1/0002/7262/9771/products/p31_7f9aa01b-8c26-408d-889d-63333448c04f_compact64b0.jpg]
[cdn.shopify.com/s/files/1/0002/7262/9771/products/p32_855757f0-bdbc-4957-8164-ea5aa9ee2743_compact64b0.jpg]
[cdn.shopify.com/s/files/1/0002/7262/9771/products/p33_fd2c0b78-5ea3-4982-a450-edd4b347be75_compact64b0.jpg]
[cdn.shopify.com/s/files/1/0002/7262/9771/products/p34_75194b00-06e8-44fc-b78e-d156574aa1dc_compact64b0.jpg]
[cdn.shopify.com/s/files/1/0002/7262/9771/products/p35_compact64b0.jpg]
[raplian.myshopify.com/collections/clothing/products/detachable-hood-padded-jacket.html]
[pinterest.com/pin/create/button/indexade0.html]
[pinterest.com/pin/create/button/indexfeec.html]
